<?xml version="1.0" encoding="UTF-8"?>
<!-- Generated by org.testng.reporters.JUnitReportReporter -->
<testsuite hostname="HDC3-L-4210NNS" name="test.NewTest" tests="1" failures="0" timestamp="26 Mar 2019 05:56:25 GMT" time="0.162" errors="0">
  <testcase name="f" time="0.162" classname="test.NewTest"/>
</testsuite> <!-- test.NewTest -->
